[0.338s] Invoking command in '/home/altair/rplidarA1/ros2_ws/build/sllidar_ros2': CMAKE_PREFIX_PATH=${CMAKE_PREFIX_PATH}:/home/altair/rplidarA1/ros2_ws/install/lidar_processing:/opt/ros/humble /usr/bin/cmake --build /home/altair/rplidarA1/ros2_ws/build/sllidar_ros2 -- -j8 -l8
[0.382s] [35m[1mConsolidate compiler generated dependencies of target sllidar_client[0m
[0.390s] [35m[1mConsolidate compiler generated dependencies of target sllidar_node[0m
[0.402s] [ 10%] Built target sllidar_client
[0.426s] [100%] Built target sllidar_node
[0.439s] Invoked command in '/home/altair/rplidarA1/ros2_ws/build/sllidar_ros2' returned '0': CMAKE_PREFIX_PATH=${CMAKE_PREFIX_PATH}:/home/altair/rplidarA1/ros2_ws/install/lidar_processing:/opt/ros/humble /usr/bin/cmake --build /home/altair/rplidarA1/ros2_ws/build/sllidar_ros2 -- -j8 -l8
[0.449s] Invoking command in '/home/altair/rplidarA1/ros2_ws/build/sllidar_ros2': CMAKE_PREFIX_PATH=${CMAKE_PREFIX_PATH}:/home/altair/rplidarA1/ros2_ws/install/lidar_processing:/opt/ros/humble /usr/bin/cmake --install /home/altair/rplidarA1/ros2_ws/build/sllidar_ros2
[0.456s] -- Install configuration: ""
[0.457s] -- Execute custom install script
[0.458s] -- Up-to-date symlink: /home/altair/rplidarA1/ros2_ws/install/sllidar_ros2/share/sllidar_ros2/launch/sllidar_a1_launch.py
[0.458s] -- Up-to-date symlink: /home/altair/rplidarA1/ros2_ws/install/sllidar_ros2/share/sllidar_ros2/launch/sllidar_a2m12_launch .py
[0.458s] -- Up-to-date symlink: /home/altair/rplidarA1/ros2_ws/install/sllidar_ros2/share/sllidar_ros2/launch/sllidar_a2m7_launch.py
[0.458s] -- Up-to-date symlink: /home/altair/rplidarA1/ros2_ws/install/sllidar_ros2/share/sllidar_ros2/launch/sllidar_a2m8_launch.py
[0.458s] -- Up-to-date symlink: /home/altair/rplidarA1/ros2_ws/install/sllidar_ros2/share/sllidar_ros2/launch/sllidar_a3_launch.py
[0.458s] -- Up-to-date symlink: /home/altair/rplidarA1/ros2_ws/install/sllidar_ros2/share/sllidar_ros2/launch/sllidar_c1_launch.py
[0.459s] -- Up-to-date symlink: /home/altair/rplidarA1/ros2_ws/install/sllidar_ros2/share/sllidar_ros2/launch/sllidar_s1_launch.py
[0.459s] -- Up-to-date symlink: /home/altair/rplidarA1/ros2_ws/install/sllidar_ros2/share/sllidar_ros2/launch/sllidar_s1_tcp_launch.py
[0.459s] -- Up-to-date symlink: /home/altair/rplidarA1/ros2_ws/install/sllidar_ros2/share/sllidar_ros2/launch/sllidar_s2_launch.py
[0.459s] -- Up-to-date symlink: /home/altair/rplidarA1/ros2_ws/install/sllidar_ros2/share/sllidar_ros2/launch/sllidar_s2e_launch.py
[0.459s] -- Up-to-date symlink: /home/altair/rplidarA1/ros2_ws/install/sllidar_ros2/share/sllidar_ros2/launch/sllidar_s3_launch.py
[0.460s] -- Up-to-date symlink: /home/altair/rplidarA1/ros2_ws/install/sllidar_ros2/share/sllidar_ros2/launch/sllidar_t1_launch.py
[0.460s] -- Up-to-date symlink: /home/altair/rplidarA1/ros2_ws/install/sllidar_ros2/share/sllidar_ros2/launch/view_sllidar_a1_launch.py
[0.460s] -- Up-to-date symlink: /home/altair/rplidarA1/ros2_ws/install/sllidar_ros2/share/sllidar_ros2/launch/view_sllidar_a2m12_launch.py
[0.460s] -- Up-to-date symlink: /home/altair/rplidarA1/ros2_ws/install/sllidar_ros2/share/sllidar_ros2/launch/view_sllidar_a2m7_launch.py
[0.460s] -- Up-to-date symlink: /home/altair/rplidarA1/ros2_ws/install/sllidar_ros2/share/sllidar_ros2/launch/view_sllidar_a2m8_launch.py
[0.461s] -- Up-to-date symlink: /home/altair/rplidarA1/ros2_ws/install/sllidar_ros2/share/sllidar_ros2/launch/view_sllidar_a3_launch.py
[0.461s] -- Up-to-date symlink: /home/altair/rplidarA1/ros2_ws/install/sllidar_ros2/share/sllidar_ros2/launch/view_sllidar_c1_launch.py
[0.461s] -- Up-to-date symlink: /home/altair/rplidarA1/ros2_ws/install/sllidar_ros2/share/sllidar_ros2/launch/view_sllidar_s1_launch.py
[0.461s] -- Up-to-date symlink: /home/altair/rplidarA1/ros2_ws/install/sllidar_ros2/share/sllidar_ros2/launch/view_sllidar_s1_tcp_launch.py
[0.461s] -- Up-to-date symlink: /home/altair/rplidarA1/ros2_ws/install/sllidar_ros2/share/sllidar_ros2/launch/view_sllidar_s2_launch.py
[0.462s] -- Up-to-date symlink: /home/altair/rplidarA1/ros2_ws/install/sllidar_ros2/share/sllidar_ros2/launch/view_sllidar_s2e_launch.py
[0.462s] -- Up-to-date symlink: /home/altair/rplidarA1/ros2_ws/install/sllidar_ros2/share/sllidar_ros2/launch/view_sllidar_s3_launch.py
[0.462s] -- Up-to-date symlink: /home/altair/rplidarA1/ros2_ws/install/sllidar_ros2/share/sllidar_ros2/launch/view_sllidar_t1_launch.py
[0.462s] -- Up-to-date symlink: /home/altair/rplidarA1/ros2_ws/install/sllidar_ros2/share/sllidar_ros2/rviz/sllidar_ros2.rviz
[0.463s] -- Up-to-date symlink: /home/altair/rplidarA1/ros2_ws/install/sllidar_ros2/lib/sllidar_ros2/sllidar_node
[0.463s] -- Up-to-date symlink: /home/altair/rplidarA1/ros2_ws/install/sllidar_ros2/lib/sllidar_ros2/sllidar_client
[0.464s] -- Up-to-date symlink: /home/altair/rplidarA1/ros2_ws/install/sllidar_ros2/share/ament_index/resource_index/package_run_dependencies/sllidar_ros2
[0.464s] -- Up-to-date symlink: /home/altair/rplidarA1/ros2_ws/install/sllidar_ros2/share/ament_index/resource_index/parent_prefix_path/sllidar_ros2
[0.464s] -- Up-to-date symlink: /home/altair/rplidarA1/ros2_ws/install/sllidar_ros2/share/sllidar_ros2/environment/ament_prefix_path.sh
[0.464s] -- Up-to-date symlink: /home/altair/rplidarA1/ros2_ws/install/sllidar_ros2/share/sllidar_ros2/environment/ament_prefix_path.dsv
[0.465s] -- Up-to-date symlink: /home/altair/rplidarA1/ros2_ws/install/sllidar_ros2/share/sllidar_ros2/environment/path.sh
[0.465s] -- Up-to-date symlink: /home/altair/rplidarA1/ros2_ws/install/sllidar_ros2/share/sllidar_ros2/environment/path.dsv
[0.465s] -- Up-to-date symlink: /home/altair/rplidarA1/ros2_ws/install/sllidar_ros2/share/sllidar_ros2/local_setup.bash
[0.466s] -- Up-to-date symlink: /home/altair/rplidarA1/ros2_ws/install/sllidar_ros2/share/sllidar_ros2/local_setup.sh
[0.466s] -- Up-to-date symlink: /home/altair/rplidarA1/ros2_ws/install/sllidar_ros2/share/sllidar_ros2/local_setup.zsh
[0.466s] -- Up-to-date symlink: /home/altair/rplidarA1/ros2_ws/install/sllidar_ros2/share/sllidar_ros2/local_setup.dsv
[0.466s] -- Symlinking: /home/altair/rplidarA1/ros2_ws/install/sllidar_ros2/share/sllidar_ros2/package.dsv
[0.476s] -- Up-to-date symlink: /home/altair/rplidarA1/ros2_ws/install/sllidar_ros2/share/ament_index/resource_index/packages/sllidar_ros2
[0.476s] -- Up-to-date symlink: /home/altair/rplidarA1/ros2_ws/install/sllidar_ros2/share/sllidar_ros2/cmake/ament_cmake_export_dependencies-extras.cmake
[0.476s] -- Up-to-date symlink: /home/altair/rplidarA1/ros2_ws/install/sllidar_ros2/share/sllidar_ros2/cmake/ament_cmake_export_include_directories-extras.cmake
[0.477s] -- Up-to-date symlink: /home/altair/rplidarA1/ros2_ws/install/sllidar_ros2/share/sllidar_ros2/cmake/sllidar_ros2Config.cmake
[0.477s] -- Up-to-date symlink: /home/altair/rplidarA1/ros2_ws/install/sllidar_ros2/share/sllidar_ros2/cmake/sllidar_ros2Config-version.cmake
[0.477s] -- Up-to-date symlink: /home/altair/rplidarA1/ros2_ws/install/sllidar_ros2/share/sllidar_ros2/package.xml
[0.480s] Invoked command in '/home/altair/rplidarA1/ros2_ws/build/sllidar_ros2' returned '0': CMAKE_PREFIX_PATH=${CMAKE_PREFIX_PATH}:/home/altair/rplidarA1/ros2_ws/install/lidar_processing:/opt/ros/humble /usr/bin/cmake --install /home/altair/rplidarA1/ros2_ws/build/sllidar_ros2
