[1.110s] Invoking command in '/home/altair/rplidarA1/ros2_ws/build/lidar_processing': PYTHONPATH=/home/altair/rplidarA1/ros2_ws/build/lidar_processing/prefix_override:/usr/lib/python3/dist-packages/colcon_core/task/python/colcon_distutils_commands:/home/altair/rplidarA1/ros2_ws/install/lidar_processing/lib/python3.10/site-packages:${PYTHONPATH} /usr/bin/python3 -W ignore:setup.py install is deprecated -W ignore:easy_install command is deprecated setup.py develop --editable --build-directory /home/altair/rplidarA1/ros2_ws/build/lidar_processing/build --no-deps symlink_data
[1.556s] running develop
[1.825s] running egg_info
[1.845s] writing lidar_processing.egg-info/PKG-INFO
[1.846s] writing dependency_links to lidar_processing.egg-info/dependency_links.txt
[1.846s] writing entry points to lidar_processing.egg-info/entry_points.txt
[1.846s] writing requirements to lidar_processing.egg-info/requires.txt
[1.847s] writing top-level names to lidar_processing.egg-info/top_level.txt
[1.888s] reading manifest file 'lidar_processing.egg-info/SOURCES.txt'
[1.889s] writing manifest file 'lidar_processing.egg-info/SOURCES.txt'
[1.911s] running build_ext
[1.911s] Creating /home/altair/rplidarA1/ros2_ws/install/lidar_processing/lib/python3.10/site-packages/lidar-processing.egg-link (link to .)
[1.912s] Installing icp_slam_node script to /home/altair/rplidarA1/ros2_ws/install/lidar_processing/lib/lidar_processing
[1.912s] Installing ransac_node script to /home/altair/rplidarA1/ros2_ws/install/lidar_processing/lib/lidar_processing
[1.913s] 
[1.913s] Installed /home/altair/rplidarA1/ros2_ws/build/lidar_processing
[1.913s] running symlink_data
[1.913s] creating /home/altair/rplidarA1/ros2_ws/install/lidar_processing/share/lidar_processing/launch
[1.914s] symbolically linking /home/altair/rplidarA1/ros2_ws/build/lidar_processing/launch/rplidar_slam_launch.py -> /home/altair/rplidarA1/ros2_ws/install/lidar_processing/share/lidar_processing/launch
[2.001s] Invoked command in '/home/altair/rplidarA1/ros2_ws/build/lidar_processing' returned '0': PYTHONPATH=/home/altair/rplidarA1/ros2_ws/build/lidar_processing/prefix_override:/usr/lib/python3/dist-packages/colcon_core/task/python/colcon_distutils_commands:/home/altair/rplidarA1/ros2_ws/install/lidar_processing/lib/python3.10/site-packages:${PYTHONPATH} /usr/bin/python3 -W ignore:setup.py install is deprecated -W ignore:easy_install command is deprecated setup.py develop --editable --build-directory /home/altair/rplidarA1/ros2_ws/build/lidar_processing/build --no-deps symlink_data
