[0.022s] Invoking command in '/home/altair/rplidarA1/ros2_ws/build/sllidar_ros2': CMAKE_PREFIX_PATH=/opt/ros/humble /usr/bin/cmake /home/altair/rplidarA1/ros2_ws/src/sllidar_ros2 -DAMENT_CMAKE_SYMLINK_INSTALL=1 -DCMAKE_INSTALL_PREFIX=/home/altair/rplidarA1/ros2_ws/install/sllidar_ros2
[0.151s] -- The C compiler identification is GNU 11.4.0
[0.236s] -- The CXX compiler identification is GNU 11.4.0
[0.250s] -- Detecting C compiler ABI info
[0.319s] -- Detecting C compiler ABI info - done
[0.329s] -- Check for working C compiler: /usr/bin/cc - skipped
[0.329s] -- Detecting C compile features
[0.330s] -- Detecting C compile features - done
[0.333s] -- Detecting CXX compiler ABI info
[0.410s] -- Detecting CXX compiler ABI info - done
[0.417s] -- Check for working CXX compiler: /usr/bin/c++ - skipped
[0.417s] -- Detecting CXX compile features
[0.417s] -- Detecting CXX compile features - done
[0.427s] -- Found ament_cmake: 1.3.14 (/opt/ros/humble/share/ament_cmake/cmake)
[0.730s] -- Found Python3: /usr/bin/python3 (found version "3.10.12") found components: Interpreter 
[0.791s] -- Override CMake install command with custom implementation using symlinks instead of copying resources
[0.821s] -- Found rclcpp: 16.0.19 (/opt/ros/humble/share/rclcpp/cmake)
[0.874s] -- Found rosidl_generator_c: 3.1.8 (/opt/ros/humble/share/rosidl_generator_c/cmake)
[0.879s] -- Found rosidl_adapter: 3.1.8 (/opt/ros/humble/share/rosidl_adapter/cmake)
[0.888s] -- Found rosidl_generator_cpp: 3.1.8 (/opt/ros/humble/share/rosidl_generator_cpp/cmake)
[0.902s] -- Using all available rosidl_typesupport_c: rosidl_typesupport_fastrtps_c;rosidl_typesupport_introspection_c
[0.920s] -- Using all available rosidl_typesupport_cpp: rosidl_typesupport_fastrtps_cpp;rosidl_typesupport_introspection_cpp
[0.969s] -- Found rmw_implementation_cmake: 6.1.2 (/opt/ros/humble/share/rmw_implementation_cmake/cmake)
[0.972s] -- Found rmw_fastrtps_cpp: 6.2.10 (/opt/ros/humble/share/rmw_fastrtps_cpp/cmake)
[1.084s] -- Found OpenSSL: /usr/lib/x86_64-linux-gnu/libcrypto.so (found version "3.0.2")  
[1.117s] -- Found FastRTPS: /opt/ros/humble/include  
[1.164s] -- Using RMW implementation 'rmw_fastrtps_cpp' as default
[1.174s] -- Performing Test CMAKE_HAVE_LIBC_PTHREAD
[1.247s] -- Performing Test CMAKE_HAVE_LIBC_PTHREAD - Success
[1.248s] -- Found Threads: TRUE  
[1.304s] -- Found sensor_msgs: 4.9.1 (/opt/ros/humble/share/sensor_msgs/cmake)
[1.338s] -- Found std_srvs: 4.9.1 (/opt/ros/humble/share/std_srvs/cmake)
[1.440s] -- Configuring done
[1.457s] -- Generating done
[1.463s] -- Build files have been written to: /home/altair/rplidarA1/ros2_ws/build/sllidar_ros2
[1.475s] Invoked command in '/home/altair/rplidarA1/ros2_ws/build/sllidar_ros2' returned '0': CMAKE_PREFIX_PATH=/opt/ros/humble /usr/bin/cmake /home/altair/rplidarA1/ros2_ws/src/sllidar_ros2 -DAMENT_CMAKE_SYMLINK_INSTALL=1 -DCMAKE_INSTALL_PREFIX=/home/altair/rplidarA1/ros2_ws/install/sllidar_ros2
[1.478s] Invoking command in '/home/altair/rplidarA1/ros2_ws/build/sllidar_ros2': CMAKE_PREFIX_PATH=/opt/ros/humble /usr/bin/cmake --build /home/altair/rplidarA1/ros2_ws/build/sllidar_ros2 -- -j16 -l16
[1.509s] [ 10%] [32mBuilding CXX object CMakeFiles/sllidar_node.dir/sdk/src/arch/linux/net_serial.cpp.o[0m
[1.509s] [ 10%] [32mBuilding CXX object CMakeFiles/sllidar_node.dir/src/sllidar_node.cpp.o[0m
[1.509s] [ 25%] [32mBuilding CXX object CMakeFiles/sllidar_node.dir/sdk/src/arch/linux/net_socket.cpp.o[0m
[1.509s] [ 25%] [32mBuilding CXX object CMakeFiles/sllidar_client.dir/src/sllidar_client.cpp.o[0m
[1.510s] [ 25%] [32mBuilding CXX object CMakeFiles/sllidar_node.dir/sdk/src/dataunpacker/dataunpacker.cpp.o[0m
[1.510s] [ 30%] [32mBuilding CXX object CMakeFiles/sllidar_node.dir/sdk/src/arch/linux/timer.cpp.o[0m
[1.512s] [ 40%] [32mBuilding CXX object CMakeFiles/sllidar_node.dir/sdk/src/dataunpacker/unpacker/handler_capsules.cpp.o[0m
[1.512s] [ 40%] [32mBuilding CXX object CMakeFiles/sllidar_node.dir/sdk/src/dataunpacker/unpacker/handler_hqnode.cpp.o[0m
[1.512s] [ 45%] [32mBuilding CXX object CMakeFiles/sllidar_node.dir/sdk/src/dataunpacker/unpacker/handler_normalnode.cpp.o[0m
[1.513s] [ 65%] [32mBuilding CXX object CMakeFiles/sllidar_node.dir/sdk/src/sl_crc.cpp.o[0m
[1.513s] [ 65%] [32mBuilding CXX object CMakeFiles/sllidar_node.dir/sdk/src/rplidar_driver.cpp.o[0m
[1.513s] [ 65%] [32mBuilding CXX object CMakeFiles/sllidar_node.dir/sdk/src/hal/thread.cpp.o[0m
[1.513s] [ 65%] [32mBuilding CXX object CMakeFiles/sllidar_node.dir/sdk/src/sl_async_transceiver.cpp.o[0m
[1.514s] [ 75%] [32mBuilding CXX object CMakeFiles/sllidar_node.dir/sdk/src/sl_lidarprotocol_codec.cpp.o[0m
[1.514s] [ 75%] [32mBuilding CXX object CMakeFiles/sllidar_node.dir/sdk/src/sl_lidar_driver.cpp.o[0m
[1.524s] [ 80%] [32mBuilding CXX object CMakeFiles/sllidar_node.dir/sdk/src/sl_serial_channel.cpp.o[0m
[1.545s] In file included from /home/altair/rplidarA1/ros2_ws/src/sllidar_ros2/./sdk/include/sl_lidar_cmd.h:41,
[1.546s]                  from /home/altair/rplidarA1/ros2_ws/src/sllidar_ros2/./sdk/include/sl_crc.h:36,
[1.546s]                  from /home/altair/rplidarA1/ros2_ws/src/sllidar_ros2/sdk/src/sl_crc.cpp:33:
[1.546s] /home/altair/rplidarA1/ros2_ws/src/sllidar_ros2/./sdk/include/sl_lidar_protocol.h:66:16: warning: ISO C++ forbids zero-size array ‘data’ [-Wpedantic]
[1.546s]    66 |     sl_u8 data[0];
[1.546s]       |                ^
[1.547s] In file included from /home/altair/rplidarA1/ros2_ws/src/sllidar_ros2/./sdk/include/sl_crc.h:36,
[1.547s]                  from /home/altair/rplidarA1/ros2_ws/src/sllidar_ros2/sdk/src/sl_crc.cpp:33:
[1.547s] /home/altair/rplidarA1/ros2_ws/src/sllidar_ros2/./sdk/include/sl_lidar_cmd.h:324:20: warning: ISO C++ forbids zero-size array ‘payload’ [-Wpedantic]
[1.547s]   324 |     sl_u8  payload[0];
[1.547s]       |                    ^
[1.574s] [ 85%] [32mBuilding CXX object CMakeFiles/sllidar_node.dir/sdk/src/sl_tcp_channel.cpp.o[0m
[1.913s] In file included from /home/altair/rplidarA1/ros2_ws/src/sllidar_ros2/./sdk/include/sl_lidar_cmd.h:41,
[1.913s]                  from /home/altair/rplidarA1/ros2_ws/src/sllidar_ros2/./sdk/include/sl_lidar_driver.h:54,
[1.913s]                  from /home/altair/rplidarA1/ros2_ws/src/sllidar_ros2/sdk/src/sl_serial_channel.cpp:33:
[1.913s] /home/altair/rplidarA1/ros2_ws/src/sllidar_ros2/./sdk/include/sl_lidar_protocol.h:66:16: warning: ISO C++ forbids zero-size array ‘data’ [-Wpedantic]
[1.913s]    66 |     sl_u8 data[0];
[1.913s]       |                ^
[1.913s] In file included from /home/altair/rplidarA1/ros2_ws/src/sllidar_ros2/./sdk/include/sl_lidar_driver.h:54,
[1.913s]                  from /home/altair/rplidarA1/ros2_ws/src/sllidar_ros2/sdk/src/sl_serial_channel.cpp:33:
[1.913s] /home/altair/rplidarA1/ros2_ws/src/sllidar_ros2/./sdk/include/sl_lidar_cmd.h:324:20: warning: ISO C++ forbids zero-size array ‘payload’ [-Wpedantic]
[1.914s]   324 |     sl_u8  payload[0];
[1.914s]       |                    ^
[1.978s] In file included from /home/altair/rplidarA1/ros2_ws/src/sllidar_ros2/./sdk/include/sl_lidar_cmd.h:41,
[1.978s]                  from /home/altair/rplidarA1/ros2_ws/src/sllidar_ros2/./sdk/include/sl_lidar_driver.h:54,
[1.978s]                  from /home/altair/rplidarA1/ros2_ws/src/sllidar_ros2/sdk/src/sl_tcp_channel.cpp:33:
[1.978s] /home/altair/rplidarA1/ros2_ws/src/sllidar_ros2/./sdk/include/sl_lidar_protocol.h:66:16: warning: ISO C++ forbids zero-size array ‘data’ [-Wpedantic]
[1.978s]    66 |     sl_u8 data[0];
[1.978s]       |                ^
[1.978s] In file included from /home/altair/rplidarA1/ros2_ws/src/sllidar_ros2/./sdk/include/sl_lidar_driver.h:54,
[1.978s]                  from /home/altair/rplidarA1/ros2_ws/src/sllidar_ros2/sdk/src/sl_tcp_channel.cpp:33:
[1.978s] /home/altair/rplidarA1/ros2_ws/src/sllidar_ros2/./sdk/include/sl_lidar_cmd.h:324:20: warning: ISO C++ forbids zero-size array ‘payload’ [-Wpedantic]
[1.978s]   324 |     sl_u8  payload[0];
[1.979s]       |                    ^
[1.983s] /home/altair/rplidarA1/ros2_ws/src/sllidar_ros2/sdk/src/sl_tcp_channel.cpp: In member function ‘void sl::TcpChannel::setStatus(_u32)’:
[1.984s] /home/altair/rplidarA1/ros2_ws/src/sllidar_ros2/sdk/src/sl_tcp_channel.cpp:109:29: warning: unused parameter ‘flag’ [-Wunused-parameter]
[1.984s]   109 |         void setStatus(_u32 flag){}
[1.984s]       |                        ~~~~~^~~~
[2.032s] [ 90%] [32mBuilding CXX object CMakeFiles/sllidar_node.dir/sdk/src/sl_udp_channel.cpp.o[0m
[2.150s] In file included from /home/altair/rplidarA1/ros2_ws/src/sllidar_ros2/./sdk/include/rplidar_protocol.h:36,
[2.151s]                  from /home/altair/rplidarA1/ros2_ws/src/sllidar_ros2/./sdk/include/rplidar.h:39,
[2.151s]                  from /home/altair/rplidarA1/ros2_ws/src/sllidar_ros2/./sdk/src/sdkcommon.h:49,
[2.151s]                  from /home/altair/rplidarA1/ros2_ws/src/sllidar_ros2/sdk/src/hal/thread.cpp:35:
[2.151s] /home/altair/rplidarA1/ros2_ws/src/sllidar_ros2/./sdk/include/sl_lidar_protocol.h:66:16: warning: ISO C++ forbids zero-size array ‘data’ [-Wpedantic]
[2.151s]    66 |     sl_u8 data[0];
[2.151s]       |                ^
[2.153s] In file included from /home/altair/rplidarA1/ros2_ws/src/sllidar_ros2/./sdk/include/rplidar_cmd.h:36,
[2.153s]                  from /home/altair/rplidarA1/ros2_ws/src/sllidar_ros2/./sdk/include/rplidar.h:40,
[2.153s]                  from /home/altair/rplidarA1/ros2_ws/src/sllidar_ros2/./sdk/src/sdkcommon.h:49,
[2.153s]                  from /home/altair/rplidarA1/ros2_ws/src/sllidar_ros2/sdk/src/hal/thread.cpp:35:
[2.153s] /home/altair/rplidarA1/ros2_ws/src/sllidar_ros2/./sdk/include/sl_lidar_cmd.h:324:20: warning: ISO C++ forbids zero-size array ‘payload’ [-Wpedantic]
[2.153s]   324 |     sl_u8  payload[0];
[2.153s]       |                    ^
[2.171s] In file included from /home/altair/rplidarA1/ros2_ws/src/sllidar_ros2/./sdk/include/rplidar_protocol.h:36,
[2.171s]                  from /home/altair/rplidarA1/ros2_ws/src/sllidar_ros2/./sdk/include/rplidar.h:39,
[2.171s]                  from /home/altair/rplidarA1/ros2_ws/src/sllidar_ros2/sdk/src/sdkcommon.h:49,
[2.171s]                  from /home/altair/rplidarA1/ros2_ws/src/sllidar_ros2/sdk/src/rplidar_driver.cpp:33:
[2.172s] /home/altair/rplidarA1/ros2_ws/src/sllidar_ros2/./sdk/include/sl_lidar_protocol.h:66:16: warning: ISO C++ forbids zero-size array ‘data’ [-Wpedantic]
[2.172s]    66 |     sl_u8 data[0];
[2.172s]       |                ^
[2.172s] In file included from /home/altair/rplidarA1/ros2_ws/src/sllidar_ros2/./sdk/include/rplidar_cmd.h:36,
[2.172s]                  from /home/altair/rplidarA1/ros2_ws/src/sllidar_ros2/./sdk/include/rplidar.h:40,
[2.172s]                  from /home/altair/rplidarA1/ros2_ws/src/sllidar_ros2/sdk/src/sdkcommon.h:49,
[2.172s]                  from /home/altair/rplidarA1/ros2_ws/src/sllidar_ros2/sdk/src/rplidar_driver.cpp:33:
[2.172s] /home/altair/rplidarA1/ros2_ws/src/sllidar_ros2/./sdk/include/sl_lidar_cmd.h:324:20: warning: ISO C++ forbids zero-size array ‘payload’ [-Wpedantic]
[2.172s]   324 |     sl_u8  payload[0];
[2.172s]       |                    ^
[2.173s] In file included from /home/altair/rplidarA1/ros2_ws/src/sllidar_ros2/./sdk/include/rplidar_protocol.h:36,
[2.173s]                  from /home/altair/rplidarA1/ros2_ws/src/sllidar_ros2/./sdk/include/rplidar.h:39,
[2.173s]                  from /home/altair/rplidarA1/ros2_ws/src/sllidar_ros2/sdk/src/sdkcommon.h:49,
[2.173s]                  from /home/altair/rplidarA1/ros2_ws/src/sllidar_ros2/sdk/src/sl_async_transceiver.cpp:35:
[2.173s] /home/altair/rplidarA1/ros2_ws/src/sllidar_ros2/./sdk/include/sl_lidar_protocol.h:66:16: warning: ISO C++ forbids zero-size array ‘data’ [-Wpedantic]
[2.173s]    66 |     sl_u8 data[0];
[2.174s]       |                ^
[2.174s] In file included from /home/altair/rplidarA1/ros2_ws/src/sllidar_ros2/./sdk/include/rplidar_cmd.h:36,
[2.174s]                  from /home/altair/rplidarA1/ros2_ws/src/sllidar_ros2/./sdk/include/rplidar.h:40,
[2.174s]                  from /home/altair/rplidarA1/ros2_ws/src/sllidar_ros2/sdk/src/sdkcommon.h:49,
[2.174s]                  from /home/altair/rplidarA1/ros2_ws/src/sllidar_ros2/sdk/src/sl_async_transceiver.cpp:35:
[2.174s] /home/altair/rplidarA1/ros2_ws/src/sllidar_ros2/./sdk/include/sl_lidar_cmd.h:324:20: warning: ISO C++ forbids zero-size array ‘payload’ [-Wpedantic]
[2.174s]   324 |     sl_u8  payload[0];
[2.174s]       |                    ^
[2.176s] In file included from /home/altair/rplidarA1/ros2_ws/src/sllidar_ros2/./sdk/include/rplidar_protocol.h:36,
[2.176s]                  from /home/altair/rplidarA1/ros2_ws/src/sllidar_ros2/./sdk/include/rplidar.h:39,
[2.176s]                  from /home/altair/rplidarA1/ros2_ws/src/sllidar_ros2/./sdk/src/sdkcommon.h:49,
[2.176s]                  from /home/altair/rplidarA1/ros2_ws/src/sllidar_ros2/sdk/src/dataunpacker/unpacker/../dataunnpacker_commondef.h:41,
[2.176s]                  from /home/altair/rplidarA1/ros2_ws/src/sllidar_ros2/sdk/src/dataunpacker/unpacker/handler_normalnode.cpp:39:
[2.176s] /home/altair/rplidarA1/ros2_ws/src/sllidar_ros2/./sdk/include/sl_lidar_protocol.h:66:16: warning: ISO C++ forbids zero-size array ‘data’ [-Wpedantic]
[2.176s]    66 |     sl_u8 data[0];
[2.177s]       |                ^
[2.177s] In file included from /home/altair/rplidarA1/ros2_ws/src/sllidar_ros2/./sdk/include/rplidar_cmd.h:36,
[2.177s]                  from /home/altair/rplidarA1/ros2_ws/src/sllidar_ros2/./sdk/include/rplidar.h:40,
[2.177s]                  from /home/altair/rplidarA1/ros2_ws/src/sllidar_ros2/./sdk/src/sdkcommon.h:49,
[2.177s]                  from /home/altair/rplidarA1/ros2_ws/src/sllidar_ros2/sdk/src/dataunpacker/unpacker/../dataunnpacker_commondef.h:41,
[2.177s]                  from /home/altair/rplidarA1/ros2_ws/src/sllidar_ros2/sdk/src/dataunpacker/unpacker/handler_normalnode.cpp:39:
[2.177s] /home/altair/rplidarA1/ros2_ws/src/sllidar_ros2/./sdk/include/sl_lidar_cmd.h:324:20: warning: ISO C++ forbids zero-size array ‘payload’ [-Wpedantic]
[2.177s]   324 |     sl_u8  payload[0];
[2.177s]       |                    ^
[2.180s] In file included from /home/altair/rplidarA1/ros2_ws/src/sllidar_ros2/./sdk/include/rplidar_protocol.h:36,
[2.180s]                  from /home/altair/rplidarA1/ros2_ws/src/sllidar_ros2/./sdk/include/rplidar.h:39,
[2.180s]                  from /home/altair/rplidarA1/ros2_ws/src/sllidar_ros2/./sdk/src/sdkcommon.h:49,
[2.180s]                  from /home/altair/rplidarA1/ros2_ws/src/sllidar_ros2/sdk/src/arch/linux/net_socket.cpp:10:
[2.180s] /home/altair/rplidarA1/ros2_ws/src/sllidar_ros2/./sdk/include/sl_lidar_protocol.h:66:16: warning: ISO C++ forbids zero-size array ‘data’ [-Wpedantic]
[2.180s]    66 |     sl_u8 data[0];
[2.180s]       |                ^
[2.181s] In file included from /home/altair/rplidarA1/ros2_ws/src/sllidar_ros2/./sdk/include/rplidar_cmd.h:36,
[2.181s]                  from /home/altair/rplidarA1/ros2_ws/src/sllidar_ros2/./sdk/include/rplidar.h:40,
[2.181s]                  from /home/altair/rplidarA1/ros2_ws/src/sllidar_ros2/./sdk/src/sdkcommon.h:49,
[2.181s]                  from /home/altair/rplidarA1/ros2_ws/src/sllidar_ros2/sdk/src/arch/linux/net_socket.cpp:10:
[2.181s] /home/altair/rplidarA1/ros2_ws/src/sllidar_ros2/./sdk/include/sl_lidar_cmd.h:324:20: warning: ISO C++ forbids zero-size array ‘payload’ [-Wpedantic]
[2.181s]   324 |     sl_u8  payload[0];
[2.181s]       |                    ^
[2.188s] In file included from /home/altair/rplidarA1/ros2_ws/src/sllidar_ros2/./sdk/include/rplidar_protocol.h:36,
[2.188s]                  from /home/altair/rplidarA1/ros2_ws/src/sllidar_ros2/./sdk/include/rplidar.h:39,
[2.188s]                  from /home/altair/rplidarA1/ros2_ws/src/sllidar_ros2/sdk/src/sdkcommon.h:49,
[2.188s]                  from /home/altair/rplidarA1/ros2_ws/src/sllidar_ros2/sdk/src/sl_lidar_driver.cpp:33:
[2.188s] /home/altair/rplidarA1/ros2_ws/src/sllidar_ros2/./sdk/include/sl_lidar_protocol.h:66:16: warning: ISO C++ forbids zero-size array ‘data’ [-Wpedantic]
[2.188s]    66 |     sl_u8 data[0];
[2.189s]       |                ^
[2.189s] In file included from /home/altair/rplidarA1/ros2_ws/src/sllidar_ros2/./sdk/include/rplidar_cmd.h:36,
[2.189s]                  from /home/altair/rplidarA1/ros2_ws/src/sllidar_ros2/./sdk/include/rplidar.h:40,
[2.189s]                  from /home/altair/rplidarA1/ros2_ws/src/sllidar_ros2/sdk/src/sdkcommon.h:49,
[2.189s]                  from /home/altair/rplidarA1/ros2_ws/src/sllidar_ros2/sdk/src/sl_lidar_driver.cpp:33:
[2.189s] /home/altair/rplidarA1/ros2_ws/src/sllidar_ros2/./sdk/include/sl_lidar_cmd.h:324:20: warning: ISO C++ forbids zero-size array ‘payload’ [-Wpedantic]
[2.189s]   324 |     sl_u8  payload[0];
[2.189s]       |                    ^
[2.190s] In file included from /home/altair/rplidarA1/ros2_ws/src/sllidar_ros2/./sdk/include/rplidar_protocol.h:36,
[2.190s]                  from /home/altair/rplidarA1/ros2_ws/src/sllidar_ros2/./sdk/include/rplidar.h:39,
[2.190s]                  from /home/altair/rplidarA1/ros2_ws/src/sllidar_ros2/sdk/src/sdkcommon.h:49,
[2.190s]                  from /home/altair/rplidarA1/ros2_ws/src/sllidar_ros2/sdk/src/sl_lidarprotocol_codec.cpp:35:
[2.190s] /home/altair/rplidarA1/ros2_ws/src/sllidar_ros2/./sdk/include/sl_lidar_protocol.h:66:16: warning: ISO C++ forbids zero-size array ‘data’ [-Wpedantic]
[2.190s]    66 |     sl_u8 data[0];
[2.190s]       |                ^
[2.190s] In file included from /home/altair/rplidarA1/ros2_ws/src/sllidar_ros2/./sdk/include/rplidar_cmd.h:36,
[2.191s]                  from /home/altair/rplidarA1/ros2_ws/src/sllidar_ros2/./sdk/include/rplidar.h:40,
[2.191s]                  from /home/altair/rplidarA1/ros2_ws/src/sllidar_ros2/sdk/src/sdkcommon.h:49,
[2.191s]                  from /home/altair/rplidarA1/ros2_ws/src/sllidar_ros2/sdk/src/sl_lidarprotocol_codec.cpp:35:
[2.191s] /home/altair/rplidarA1/ros2_ws/src/sllidar_ros2/./sdk/include/sl_lidar_cmd.h:324:20: warning: ISO C++ forbids zero-size array ‘payload’ [-Wpedantic]
[2.191s]   324 |     sl_u8  payload[0];
[2.191s]       |                    ^
[2.204s] In file included from /home/altair/rplidarA1/ros2_ws/src/sllidar_ros2/./sdk/include/rplidar_protocol.h:36,
[2.204s]                  from /home/altair/rplidarA1/ros2_ws/src/sllidar_ros2/./sdk/include/rplidar.h:39,
[2.205s]                  from /home/altair/rplidarA1/ros2_ws/src/sllidar_ros2/./sdk/src/sdkcommon.h:49,
[2.205s]                  from /home/altair/rplidarA1/ros2_ws/src/sllidar_ros2/sdk/src/dataunpacker/unpacker/../dataunnpacker_commondef.h:41,
[2.205s]                  from /home/altair/rplidarA1/ros2_ws/src/sllidar_ros2/sdk/src/dataunpacker/unpacker/handler_hqnode.cpp:39:
[2.205s] /home/altair/rplidarA1/ros2_ws/src/sllidar_ros2/./sdk/include/sl_lidar_protocol.h:66:16: warning: ISO C++ forbids zero-size array ‘data’ [-Wpedantic]
[2.205s]    66 |     sl_u8 data[0];
[2.205s]       |                ^
[2.205s] In file included from /home/altair/rplidarA1/ros2_ws/src/sllidar_ros2/./sdk/include/rplidar_cmd.h:36,
[2.205s]                  from /home/altair/rplidarA1/ros2_ws/src/sllidar_ros2/./sdk/include/rplidar.h:40,
[2.205s]                  from /home/altair/rplidarA1/ros2_ws/src/sllidar_ros2/./sdk/src/sdkcommon.h:49,
[2.205s]                  from /home/altair/rplidarA1/ros2_ws/src/sllidar_ros2/sdk/src/dataunpacker/unpacker/../dataunnpacker_commondef.h:41,
[2.205s]                  from /home/altair/rplidarA1/ros2_ws/src/sllidar_ros2/sdk/src/dataunpacker/unpacker/handler_hqnode.cpp:39:
[2.205s] /home/altair/rplidarA1/ros2_ws/src/sllidar_ros2/./sdk/include/sl_lidar_cmd.h:324:20: warning: ISO C++ forbids zero-size array ‘payload’ [-Wpedantic]
[2.205s]   324 |     sl_u8  payload[0];
[2.206s]       |                    ^
[2.214s] In file included from /home/altair/rplidarA1/ros2_ws/src/sllidar_ros2/sdk/src/hal/thread.cpp:43:
[2.214s] /home/altair/rplidarA1/ros2_ws/src/sllidar_ros2/./sdk/src/arch/linux/thread.hpp: In static member function ‘static rp::hal::Thread rp::hal::Thread::create(thread_proc_t, void*)’:
[2.214s] /home/altair/rplidarA1/ros2_ws/src/sllidar_ros2/./sdk/src/arch/linux/thread.hpp:52:57: warning: cast between incompatible function types from ‘thread_proc_t’ {aka ‘long unsigned int (*)(void*)’} to ‘void* (*)(void*)’ [-Wcast-function-type]
[2.214s]    52 |     pthread_create((pthread_t *)&newborn._handle, NULL, (void * (*)(void *))proc, data);
[2.214s]       |                                                         ^~~~~~~~~~~~~~~~~~~~~~~~
[2.215s] /home/altair/rplidarA1/ros2_ws/src/sllidar_ros2/./sdk/src/arch/linux/thread.hpp: In member function ‘u_result rp::hal::Thread::join(long unsigned int)’:
[2.215s] /home/altair/rplidarA1/ros2_ws/src/sllidar_ros2/./sdk/src/arch/linux/thread.hpp:176:37: warning: unused parameter ‘timeout’ [-Wunused-parameter]
[2.215s]   176 | u_result Thread::join(unsigned long timeout)
[2.215s]       |                       ~~~~~~~~~~~~~~^~~~~~~
[2.217s] In file included from /home/altair/rplidarA1/ros2_ws/src/sllidar_ros2/./sdk/include/rplidar_protocol.h:36,
[2.217s]                  from /home/altair/rplidarA1/ros2_ws/src/sllidar_ros2/./sdk/include/rplidar.h:39,
[2.217s]                  from /home/altair/rplidarA1/ros2_ws/src/sllidar_ros2/./sdk/src/sdkcommon.h:49,
[2.217s]                  from /home/altair/rplidarA1/ros2_ws/src/sllidar_ros2/sdk/src/dataunpacker/dataunnpacker_commondef.h:41,
[2.217s]                  from /home/altair/rplidarA1/ros2_ws/src/sllidar_ros2/sdk/src/dataunpacker/dataunpacker.cpp:39:
[2.217s] /home/altair/rplidarA1/ros2_ws/src/sllidar_ros2/./sdk/include/sl_lidar_protocol.h:66:16: warning: ISO C++ forbids zero-size array ‘data’ [-Wpedantic]
[2.217s]    66 |     sl_u8 data[0];
[2.217s]       |                ^
[2.218s] In file included from /home/altair/rplidarA1/ros2_ws/src/sllidar_ros2/./sdk/include/rplidar_cmd.h:36,
[2.218s]                  from /home/altair/rplidarA1/ros2_ws/src/sllidar_ros2/./sdk/include/rplidar.h:40,
[2.218s]                  from /home/altair/rplidarA1/ros2_ws/src/sllidar_ros2/./sdk/src/sdkcommon.h:49,
[2.219s]                  from /home/altair/rplidarA1/ros2_ws/src/sllidar_ros2/sdk/src/dataunpacker/dataunnpacker_commondef.h:41,
[2.219s]                  from /home/altair/rplidarA1/ros2_ws/src/sllidar_ros2/sdk/src/dataunpacker/dataunpacker.cpp:39:
[2.219s] /home/altair/rplidarA1/ros2_ws/src/sllidar_ros2/./sdk/include/sl_lidar_cmd.h:324:20: warning: ISO C++ forbids zero-size array ‘payload’ [-Wpedantic]
[2.219s]   324 |     sl_u8  payload[0];
[2.219s]       |                    ^
[2.220s] In file included from /home/altair/rplidarA1/ros2_ws/src/sllidar_ros2/./sdk/include/rplidar_protocol.h:36,
[2.220s]                  from /home/altair/rplidarA1/ros2_ws/src/sllidar_ros2/./sdk/include/rplidar.h:39,
[2.221s]                  from /home/altair/rplidarA1/ros2_ws/src/sllidar_ros2/./sdk/src/sdkcommon.h:49,
[2.221s]                  from /home/altair/rplidarA1/ros2_ws/src/sllidar_ros2/sdk/src/dataunpacker/unpacker/../dataunnpacker_commondef.h:41,
[2.221s]                  from /home/altair/rplidarA1/ros2_ws/src/sllidar_ros2/sdk/src/dataunpacker/unpacker/handler_capsules.cpp:39:
[2.221s] /home/altair/rplidarA1/ros2_ws/src/sllidar_ros2/./sdk/include/sl_lidar_protocol.h:66:16: warning: ISO C++ forbids zero-size array ‘data’ [-Wpedantic]
[2.221s]    66 |     sl_u8 data[0];
[2.221s]       |                ^
[2.221s] In file included from /home/altair/rplidarA1/ros2_ws/src/sllidar_ros2/./sdk/include/rplidar_cmd.h:36,
[2.223s]                  from /home/altair/rplidarA1/ros2_ws/src/sllidar_ros2/./sdk/include/rplidar.h:40,
[2.223s]                  from /home/altair/rplidarA1/ros2_ws/src/sllidar_ros2/./sdk/src/sdkcommon.h:49,
[2.224s]                  from /home/altair/rplidarA1/ros2_ws/src/sllidar_ros2/sdk/src/dataunpacker/unpacker/../dataunnpacker_commondef.h:41,
[2.224s]                  from /home/altair/rplidarA1/ros2_ws/src/sllidar_ros2/sdk/src/dataunpacker/unpacker/handler_capsules.cpp:39:
[2.224s] /home/altair/rplidarA1/ros2_ws/src/sllidar_ros2/./sdk/include/sl_lidar_cmd.h:324:20: warning: ISO C++ forbids zero-size array ‘payload’ [-Wpedantic]
[2.224s]   324 |     sl_u8  payload[0];
[2.224s]       |                    ^
[2.282s] In file included from /home/altair/rplidarA1/ros2_ws/src/sllidar_ros2/./sdk/src/arch/linux/arch_linux.h:42,
[2.282s]                  from /home/altair/rplidarA1/ros2_ws/src/sllidar_ros2/./sdk/src/sdkcommon.h:41,
[2.282s]                  from /home/altair/rplidarA1/ros2_ws/src/sllidar_ros2/sdk/src/arch/linux/net_socket.cpp:10:
[2.282s] /home/altair/rplidarA1/ros2_ws/src/sllidar_ros2/sdk/src/arch/linux/net_socket.cpp: In member function ‘virtual u_result rp::arch::net::DGramSocketImpl::sendTo(const rp::net::SocketAddress*, const void*, size_t)’:
[2.282s] /home/altair/rplidarA1/ros2_ws/src/sllidar_ros2/sdk/src/arch/linux/net_socket.cpp:733:24: warning: comparison of integer expressions of different signedness: ‘int’ and ‘size_t’ {aka ‘long unsigned int’} [-Wsign-compare]
[2.282s]   733 |             assert(ans == len);
[2.282s]       |                    ~~~~^~~~~~
[2.350s] /home/altair/rplidarA1/ros2_ws/src/sllidar_ros2/sdk/src/arch/linux/net_serial.cpp: In member function ‘bool rp::arch::net::raw_serial::open(const char*, uint32_t, uint32_t)’:
[2.350s] /home/altair/rplidarA1/ros2_ws/src/sllidar_ros2/sdk/src/arch/linux/net_serial.cpp:97:74: warning: unused parameter ‘flags’ [-Wunused-parameter]
[2.350s]    97 | bool raw_serial::open(const char * portname, uint32_t baudrate, uint32_t flags)
[2.350s]       |                                                                 ~~~~~~~~~^~~~~
[2.351s] /home/altair/rplidarA1/ros2_ws/src/sllidar_ros2/sdk/src/arch/linux/net_serial.cpp: In member function ‘virtual void rp::arch::net::raw_serial::flush(_u32)’:
[2.351s] /home/altair/rplidarA1/ros2_ws/src/sllidar_ros2/sdk/src/arch/linux/net_serial.cpp:281:30: warning: unused parameter ‘flags’ [-Wunused-parameter]
[2.351s]   281 | void raw_serial::flush( _u32 flags)
[2.351s]       |                         ~~~~~^~~~~
[2.351s] /home/altair/rplidarA1/ros2_ws/src/sllidar_ros2/sdk/src/arch/linux/net_serial.cpp: In member function ‘virtual int rp::arch::net::raw_serial::waitforsent(_u32, size_t*)’:
[2.351s] /home/altair/rplidarA1/ros2_ws/src/sllidar_ros2/sdk/src/arch/linux/net_serial.cpp:286:34: warning: unused parameter ‘timeout’ [-Wunused-parameter]
[2.351s]   286 | int raw_serial::waitforsent(_u32 timeout, size_t * returned_size)
[2.352s]       |                             ~~~~~^~~~~~~
[2.352s] /home/altair/rplidarA1/ros2_ws/src/sllidar_ros2/sdk/src/arch/linux/net_serial.cpp: In member function ‘virtual int rp::arch::net::raw_serial::waitforrecv(_u32, size_t*)’:
[2.352s] /home/altair/rplidarA1/ros2_ws/src/sllidar_ros2/sdk/src/arch/linux/net_serial.cpp:292:34: warning: unused parameter ‘timeout’ [-Wunused-parameter]
[2.352s]   292 | int raw_serial::waitforrecv(_u32 timeout, size_t * returned_size)
[2.352s]       |                             ~~~~~^~~~~~~
[2.352s] /home/altair/rplidarA1/ros2_ws/src/sllidar_ros2/sdk/src/arch/linux/net_serial.cpp: In member function ‘virtual void rp::arch::net::raw_serial::cancelOperation()’:
[2.353s] /home/altair/rplidarA1/ros2_ws/src/sllidar_ros2/sdk/src/arch/linux/net_serial.cpp:427:5: warning: value computed is not used [-Wunused-value]
[2.353s]   427 |     (int)::write(_selfpipe[1], "x", 1);
[2.353s]       |     ^~~~~~~~~~~~~~~~~~~~~~~~~~~~~~~~~~
[2.361s] In file included from /home/altair/rplidarA1/ros2_ws/src/sllidar_ros2/sdk/src/sl_async_transceiver.cpp:44:
[2.361s] /home/altair/rplidarA1/ros2_ws/src/sllidar_ros2/sdk/src/sl_async_transceiver.h: In member function ‘virtual void sl::internal::IAsyncProtocolCodec::onChannelError(u_result)’:
[2.362s] /home/altair/rplidarA1/ros2_ws/src/sllidar_ros2/sdk/src/sl_async_transceiver.h:90:48: warning: unused parameter ‘errCode’ [-Wunused-parameter]
[2.362s]    90 |         virtual void   onChannelError(u_result errCode) {}
[2.362s]       |                                       ~~~~~~~~~^~~~~~~
[2.409s] /home/altair/rplidarA1/ros2_ws/src/sllidar_ros2/sdk/src/rplidar_driver.cpp: In member function ‘u_result rp::standalone::rplidar::RPlidarDriver::connect(const char*, _u32, _u32)’:
[2.409s] /home/altair/rplidarA1/ros2_ws/src/sllidar_ros2/sdk/src/rplidar_driver.cpp:67:77: warning: unused parameter ‘flag’ [-Wunused-parameter]
[2.409s]    67 |     u_result RPlidarDriver::connect(const char *path, _u32 portOrBaud, _u32 flag)
[2.410s]       |                                                                        ~~~~~^~~~
[2.410s] /home/altair/rplidarA1/ros2_ws/src/sllidar_ros2/sdk/src/rplidar_driver.cpp: In member function ‘u_result rp::standalone::rplidar::RPlidarDriver::reset(_u32)’:
[2.410s] /home/altair/rplidarA1/ros2_ws/src/sllidar_ros2/sdk/src/rplidar_driver.cpp:101:40: warning: unused parameter ‘timeout’ [-Wunused-parameter]
[2.410s]   101 |     u_result RPlidarDriver::reset(_u32 timeout)
[2.410s]       |                                   ~~~~~^~~~~~~
[2.410s] /home/altair/rplidarA1/ros2_ws/src/sllidar_ros2/sdk/src/rplidar_driver.cpp: In member function ‘u_result rp::standalone::rplidar::RPlidarDriver::getScanDataWithInterval(rplidar_response_measurement_node_t*, size_t&)’:
[2.411s] /home/altair/rplidarA1/ros2_ws/src/sllidar_ros2/sdk/src/rplidar_driver.cpp:180:91: warning: unused parameter ‘nodebuffer’ [-Wunused-parameter]
[2.411s]   180 |     u_result RPlidarDriver::getScanDataWithInterval(rplidar_response_measurement_node_t * nodebuffer, size_t & count)
[2.411s]       |                                                     ~~~~~~~~~~~~~~~~~~~~~~~~~~~~~~~~~~~~~~^~~~~~~~~~
[2.411s] /home/altair/rplidarA1/ros2_ws/src/sllidar_ros2/sdk/src/rplidar_driver.cpp:180:112: warning: unused parameter ‘count’ [-Wunused-parameter]
[2.411s]   180 |     u_result RPlidarDriver::getScanDataWithInterval(rplidar_response_measurement_node_t * nodebuffer, size_t & count)
[2.411s]       |                                                                                                       ~~~~~~~~~^~~~~
[2.418s] In file included from /home/altair/rplidarA1/ros2_ws/src/sllidar_ros2/sdk/src/sl_lidarprotocol_codec.cpp:49:
[2.419s] /home/altair/rplidarA1/ros2_ws/src/sllidar_ros2/sdk/src/sl_async_transceiver.h: In member function ‘virtual void sl::internal::IAsyncProtocolCodec::onChannelError(u_result)’:
[2.419s] /home/altair/rplidarA1/ros2_ws/src/sllidar_ros2/sdk/src/sl_async_transceiver.h:90:48: warning: unused parameter ‘errCode’ [-Wunused-parameter]
[2.419s]    90 |         virtual void   onChannelError(u_result errCode) {}
[2.419s]       |                                       ~~~~~~~~~^~~~~~~
[2.425s] In file included from /home/altair/rplidarA1/ros2_ws/src/sllidar_ros2/./sdk/include/sl_lidar_cmd.h:41,
[2.425s]                  from /home/altair/rplidarA1/ros2_ws/src/sllidar_ros2/./sdk/include/sl_lidar_driver.h:54,
[2.425s]                  from /home/altair/rplidarA1/ros2_ws/src/sllidar_ros2/sdk/src/sl_udp_channel.cpp:33:
[2.425s] /home/altair/rplidarA1/ros2_ws/src/sllidar_ros2/./sdk/include/sl_lidar_protocol.h:66:16: warning: ISO C++ forbids zero-size array ‘data’ [-Wpedantic]
[2.426s]    66 |     sl_u8 data[0];
[2.426s]       |                ^
[2.426s] In file included from /home/altair/rplidarA1/ros2_ws/src/sllidar_ros2/./sdk/include/sl_lidar_driver.h:54,
[2.426s]                  from /home/altair/rplidarA1/ros2_ws/src/sllidar_ros2/sdk/src/sl_udp_channel.cpp:33:
[2.426s] /home/altair/rplidarA1/ros2_ws/src/sllidar_ros2/./sdk/include/sl_lidar_cmd.h:324:20: warning: ISO C++ forbids zero-size array ‘payload’ [-Wpedantic]
[2.426s]   324 |     sl_u8  payload[0];
[2.426s]       |                    ^
[2.432s] /home/altair/rplidarA1/ros2_ws/src/sllidar_ros2/sdk/src/sl_udp_channel.cpp: In member function ‘void sl::UdpChannel::setStatus(_u32)’:
[2.432s] /home/altair/rplidarA1/ros2_ws/src/sllidar_ros2/sdk/src/sl_udp_channel.cpp:112:29: warning: unused parameter ‘flag’ [-Wunused-parameter]
[2.432s]   112 |         void setStatus(_u32 flag){}
[2.432s]       |                        ~~~~~^~~~
[2.481s] In file included from /home/altair/rplidarA1/ros2_ws/src/sllidar_ros2/sdk/src/dataunpacker/unpacker/handler_normalnode.cpp:40:
[2.482s] /home/altair/rplidarA1/ros2_ws/src/sllidar_ros2/sdk/src/dataunpacker/unpacker/../dataunpacker.h: In member function ‘virtual void sl::internal::LIDARSampleDataListener::onCustomSampleDataDecoded(_u8, _u32, const void*, size_t)’:
[2.482s] /home/altair/rplidarA1/ros2_ws/src/sllidar_ros2/sdk/src/dataunpacker/unpacker/../dataunpacker.h:54:52: warning: unused parameter ‘ansType’ [-Wunused-parameter]
[2.482s]    54 |         virtual void onCustomSampleDataDecoded(_u8 ansType, _u32 customCode, const void* data, size_t size) {}
[2.482s]       |                                                ~~~~^~~~~~~
[2.482s] /home/altair/rplidarA1/ros2_ws/src/sllidar_ros2/sdk/src/dataunpacker/unpacker/../dataunpacker.h:54:66: warning: unused parameter ‘customCode’ [-Wunused-parameter]
[2.482s]    54 |         virtual void onCustomSampleDataDecoded(_u8 ansType, _u32 customCode, const void* data, size_t size) {}
[2.482s]       |                                                             ~~~~~^~~~~~~~~~
[2.482s] /home/altair/rplidarA1/ros2_ws/src/sllidar_ros2/sdk/src/dataunpacker/unpacker/../dataunpacker.h:54:90: warning: unused parameter ‘data’ [-Wunused-parameter]
[2.482s]    54 |         virtual void onCustomSampleDataDecoded(_u8 ansType, _u32 customCode, const void* data, size_t size) {}
[2.483s]       |                                                                              ~~~~~~~~~~~~^~~~
[2.483s] /home/altair/rplidarA1/ros2_ws/src/sllidar_ros2/sdk/src/dataunpacker/unpacker/../dataunpacker.h:54:103: warning: unused parameter ‘size’ [-Wunused-parameter]
[2.483s]    54 |         virtual void onCustomSampleDataDecoded(_u8 ansType, _u32 customCode, const void* data, size_t size) {}
[2.483s]       |                                                                                                ~~~~~~~^~~~
[2.483s] /home/altair/rplidarA1/ros2_ws/src/sllidar_ros2/sdk/src/dataunpacker/unpacker/../dataunpacker.h: In member function ‘virtual void sl::internal::LIDARSampleDataListener::onDecodingError(int, _u8, const void*, size_t)’:
[2.483s] /home/altair/rplidarA1/ros2_ws/src/sllidar_ros2/sdk/src/dataunpacker/unpacker/../dataunpacker.h:56:42: warning: unused parameter ‘errMsg’ [-Wunused-parameter]
[2.483s]    56 |         virtual void onDecodingError(int errMsg, _u8 ansType, const void* payload, size_t size) {}
[2.483s]       |                                      ~~~~^~~~~~
[2.483s] /home/altair/rplidarA1/ros2_ws/src/sllidar_ros2/sdk/src/dataunpacker/unpacker/../dataunpacker.h:56:54: warning: unused parameter ‘ansType’ [-Wunused-parameter]
[2.483s]    56 |         virtual void onDecodingError(int errMsg, _u8 ansType, const void* payload, size_t size) {}
[2.483s]       |                                                  ~~~~^~~~~~~
[2.483s] /home/altair/rplidarA1/ros2_ws/src/sllidar_ros2/sdk/src/dataunpacker/unpacker/../dataunpacker.h:56:75: warning: unused parameter ‘payload’ [-Wunused-parameter]
[2.483s]    56 |         virtual void onDecodingError(int errMsg, _u8 ansType, const void* payload, size_t size) {}
[2.483s]       |                                                               ~~~~~~~~~~~~^~~~~~~
[2.483s] /home/altair/rplidarA1/ros2_ws/src/sllidar_ros2/sdk/src/dataunpacker/unpacker/../dataunpacker.h:56:91: warning: unused parameter ‘size’ [-Wunused-parameter]
[2.484s]    56 |         virtual void onDecodingError(int errMsg, _u8 ansType, const void* payload, size_t size) {}
[2.484s]       |                                                                                    ~~~~~~~^~~~
[2.506s] In file included from /home/altair/rplidarA1/ros2_ws/src/sllidar_ros2/sdk/src/dataunpacker/unpacker/handler_hqnode.cpp:40:
[2.506s] /home/altair/rplidarA1/ros2_ws/src/sllidar_ros2/sdk/src/dataunpacker/unpacker/../dataunpacker.h: In member function ‘virtual void sl::internal::LIDARSampleDataListener::onCustomSampleDataDecoded(_u8, _u32, const void*, size_t)’:
[2.506s] /home/altair/rplidarA1/ros2_ws/src/sllidar_ros2/sdk/src/dataunpacker/unpacker/../dataunpacker.h:54:52: warning: unused parameter ‘ansType’ [-Wunused-parameter]
[2.506s]    54 |         virtual void onCustomSampleDataDecoded(_u8 ansType, _u32 customCode, const void* data, size_t size) {}
[2.507s]       |                                                ~~~~^~~~~~~
[2.507s] /home/altair/rplidarA1/ros2_ws/src/sllidar_ros2/sdk/src/dataunpacker/unpacker/../dataunpacker.h:54:66: warning: unused parameter ‘customCode’ [-Wunused-parameter]
[2.507s]    54 |         virtual void onCustomSampleDataDecoded(_u8 ansType, _u32 customCode, const void* data, size_t size) {}
[2.507s]       |                                                             ~~~~~^~~~~~~~~~
[2.507s] /home/altair/rplidarA1/ros2_ws/src/sllidar_ros2/sdk/src/dataunpacker/unpacker/../dataunpacker.h:54:90: warning: unused parameter ‘data’ [-Wunused-parameter]
[2.507s]    54 |         virtual void onCustomSampleDataDecoded(_u8 ansType, _u32 customCode, const void* data, size_t size) {}
[2.507s]       |                                                                              ~~~~~~~~~~~~^~~~
[2.507s] /home/altair/rplidarA1/ros2_ws/src/sllidar_ros2/sdk/src/dataunpacker/unpacker/../dataunpacker.h:54:103: warning: unused parameter ‘size’ [-Wunused-parameter]
[2.507s]    54 |         virtual void onCustomSampleDataDecoded(_u8 ansType, _u32 customCode, const void* data, size_t size) {}
[2.507s]       |                                                                                                ~~~~~~~^~~~
[2.507s] /home/altair/rplidarA1/ros2_ws/src/sllidar_ros2/sdk/src/dataunpacker/unpacker/../dataunpacker.h: In member function ‘virtual void sl::internal::LIDARSampleDataListener::onDecodingError(int, _u8, const void*, size_t)’:
[2.507s] /home/altair/rplidarA1/ros2_ws/src/sllidar_ros2/sdk/src/dataunpacker/unpacker/../dataunpacker.h:56:42: warning: unused parameter ‘errMsg’ [-Wunused-parameter]
[2.507s]    56 |         virtual void onDecodingError(int errMsg, _u8 ansType, const void* payload, size_t size) {}
[2.507s]       |                                      ~~~~^~~~~~
[2.507s] /home/altair/rplidarA1/ros2_ws/src/sllidar_ros2/sdk/src/dataunpacker/unpacker/../dataunpacker.h:56:54: warning: unused parameter ‘ansType’ [-Wunused-parameter]
[2.507s]    56 |         virtual void onDecodingError(int errMsg, _u8 ansType, const void* payload, size_t size) {}
[2.507s]       |                                                  ~~~~^~~~~~~
[2.507s] /home/altair/rplidarA1/ros2_ws/src/sllidar_ros2/sdk/src/dataunpacker/unpacker/../dataunpacker.h:56:75: warning: unused parameter ‘payload’ [-Wunused-parameter]
[2.507s]    56 |         virtual void onDecodingError(int errMsg, _u8 ansType, const void* payload, size_t size) {}
[2.507s]       |                                                               ~~~~~~~~~~~~^~~~~~~
[2.507s] /home/altair/rplidarA1/ros2_ws/src/sllidar_ros2/sdk/src/dataunpacker/unpacker/../dataunpacker.h:56:91: warning: unused parameter ‘size’ [-Wunused-parameter]
[2.507s]    56 |         virtual void onDecodingError(int errMsg, _u8 ansType, const void* payload, size_t size) {}
[2.508s]       |                                                                                    ~~~~~~~^~~~
[2.522s] In file included from /home/altair/rplidarA1/ros2_ws/src/sllidar_ros2/sdk/src/dataunpacker/unpacker/handler_capsules.cpp:40:
[2.523s] /home/altair/rplidarA1/ros2_ws/src/sllidar_ros2/sdk/src/dataunpacker/unpacker/../dataunpacker.h: In member function ‘virtual void sl::internal::LIDARSampleDataListener::onCustomSampleDataDecoded(_u8, _u32, const void*, size_t)’:
[2.523s] /home/altair/rplidarA1/ros2_ws/src/sllidar_ros2/sdk/src/dataunpacker/unpacker/../dataunpacker.h:54:52: warning: unused parameter ‘ansType’ [-Wunused-parameter]
[2.523s]    54 |         virtual void onCustomSampleDataDecoded(_u8 ansType, _u32 customCode, const void* data, size_t size) {}
[2.523s]       |                                                ~~~~^~~~~~~
[2.523s] /home/altair/rplidarA1/ros2_ws/src/sllidar_ros2/sdk/src/dataunpacker/unpacker/../dataunpacker.h:54:66: warning: unused parameter ‘customCode’ [-Wunused-parameter]
[2.523s]    54 |         virtual void onCustomSampleDataDecoded(_u8 ansType, _u32 customCode, const void* data, size_t size) {}
[2.523s]       |                                                             ~~~~~^~~~~~~~~~
[2.523s] /home/altair/rplidarA1/ros2_ws/src/sllidar_ros2/sdk/src/dataunpacker/unpacker/../dataunpacker.h:54:90: warning: unused parameter ‘data’ [-Wunused-parameter]
[2.523s]    54 |         virtual void onCustomSampleDataDecoded(_u8 ansType, _u32 customCode, const void* data, size_t size) {}
[2.523s]       |                                                                              ~~~~~~~~~~~~^~~~
[2.523s] /home/altair/rplidarA1/ros2_ws/src/sllidar_ros2/sdk/src/dataunpacker/unpacker/../dataunpacker.h:54:103: warning: unused parameter ‘size’ [-Wunused-parameter]
[2.523s]    54 |         virtual void onCustomSampleDataDecoded(_u8 ansType, _u32 customCode, const void* data, size_t size) {}
[2.523s]       |                                                                                                ~~~~~~~^~~~
[2.523s] /home/altair/rplidarA1/ros2_ws/src/sllidar_ros2/sdk/src/dataunpacker/unpacker/../dataunpacker.h: In member function ‘virtual void sl::internal::LIDARSampleDataListener::onDecodingError(int, _u8, const void*, size_t)’:
[2.523s] /home/altair/rplidarA1/ros2_ws/src/sllidar_ros2/sdk/src/dataunpacker/unpacker/../dataunpacker.h:56:42: warning: unused parameter ‘errMsg’ [-Wunused-parameter]
[2.524s]    56 |         virtual void onDecodingError(int errMsg, _u8 ansType, const void* payload, size_t size) {}
[2.524s]       |                                      ~~~~^~~~~~
[2.524s] /home/altair/rplidarA1/ros2_ws/src/sllidar_ros2/sdk/src/dataunpacker/unpacker/../dataunpacker.h:56:54: warning: unused parameter ‘ansType’ [-Wunused-parameter]
[2.524s]    56 |         virtual void onDecodingError(int errMsg, _u8 ansType, const void* payload, size_t size) {}
[2.524s]       |                                                  ~~~~^~~~~~~
[2.524s] /home/altair/rplidarA1/ros2_ws/src/sllidar_ros2/sdk/src/dataunpacker/unpacker/../dataunpacker.h:56:75: warning: unused parameter ‘payload’ [-Wunused-parameter]
[2.524s]    56 |         virtual void onDecodingError(int errMsg, _u8 ansType, const void* payload, size_t size) {}
[2.524s]       |                                                               ~~~~~~~~~~~~^~~~~~~
[2.524s] /home/altair/rplidarA1/ros2_ws/src/sllidar_ros2/sdk/src/dataunpacker/unpacker/../dataunpacker.h:56:91: warning: unused parameter ‘size’ [-Wunused-parameter]
[2.524s]    56 |         virtual void onDecodingError(int errMsg, _u8 ansType, const void* payload, size_t size) {}
[2.524s]       |                                                                                    ~~~~~~~^~~~
[2.531s] In file included from /home/altair/rplidarA1/ros2_ws/src/sllidar_ros2/sdk/src/dataunpacker/dataunpacker.cpp:40:
[2.531s] /home/altair/rplidarA1/ros2_ws/src/sllidar_ros2/sdk/src/dataunpacker/dataunpacker.h: In member function ‘virtual void sl::internal::LIDARSampleDataListener::onCustomSampleDataDecoded(_u8, _u32, const void*, size_t)’:
[2.531s] /home/altair/rplidarA1/ros2_ws/src/sllidar_ros2/sdk/src/dataunpacker/dataunpacker.h:54:52: warning: unused parameter ‘ansType’ [-Wunused-parameter]
[2.531s]    54 |         virtual void onCustomSampleDataDecoded(_u8 ansType, _u32 customCode, const void* data, size_t size) {}
[2.531s]       |                                                ~~~~^~~~~~~
[2.531s] /home/altair/rplidarA1/ros2_ws/src/sllidar_ros2/sdk/src/dataunpacker/dataunpacker.h:54:66: warning: unused parameter ‘customCode’ [-Wunused-parameter]
[2.531s]    54 |         virtual void onCustomSampleDataDecoded(_u8 ansType, _u32 customCode, const void* data, size_t size) {}
[2.531s]       |                                                             ~~~~~^~~~~~~~~~
[2.532s] /home/altair/rplidarA1/ros2_ws/src/sllidar_ros2/sdk/src/dataunpacker/dataunpacker.h:54:90: warning: unused parameter ‘data’ [-Wunused-parameter]
[2.532s]    54 |         virtual void onCustomSampleDataDecoded(_u8 ansType, _u32 customCode, const void* data, size_t size) {}
[2.532s]       |                                                                              ~~~~~~~~~~~~^~~~
[2.532s] /home/altair/rplidarA1/ros2_ws/src/sllidar_ros2/sdk/src/dataunpacker/dataunpacker.h:54:103: warning: unused parameter ‘size’ [-Wunused-parameter]
[2.532s]    54 |         virtual void onCustomSampleDataDecoded(_u8 ansType, _u32 customCode, const void* data, size_t size) {}
[2.532s]       |                                                                                                ~~~~~~~^~~~
[2.532s] /home/altair/rplidarA1/ros2_ws/src/sllidar_ros2/sdk/src/dataunpacker/dataunpacker.h: In member function ‘virtual void sl::internal::LIDARSampleDataListener::onDecodingError(int, _u8, const void*, size_t)’:
[2.532s] /home/altair/rplidarA1/ros2_ws/src/sllidar_ros2/sdk/src/dataunpacker/dataunpacker.h:56:42: warning: unused parameter ‘errMsg’ [-Wunused-parameter]
[2.532s]    56 |         virtual void onDecodingError(int errMsg, _u8 ansType, const void* payload, size_t size) {}
[2.532s]       |                                      ~~~~^~~~~~
[2.532s] /home/altair/rplidarA1/ros2_ws/src/sllidar_ros2/sdk/src/dataunpacker/dataunpacker.h:56:54: warning: unused parameter ‘ansType’ [-Wunused-parameter]
[2.532s]    56 |         virtual void onDecodingError(int errMsg, _u8 ansType, const void* payload, size_t size) {}
[2.532s]       |                                                  ~~~~^~~~~~~
[2.533s] /home/altair/rplidarA1/ros2_ws/src/sllidar_ros2/sdk/src/dataunpacker/dataunpacker.h:56:75: warning: unused parameter ‘payload’ [-Wunused-parameter]
[2.533s]    56 |         virtual void onDecodingError(int errMsg, _u8 ansType, const void* payload, size_t size) {}
[2.533s]       |                                                               ~~~~~~~~~~~~^~~~~~~
[2.533s] /home/altair/rplidarA1/ros2_ws/src/sllidar_ros2/sdk/src/dataunpacker/dataunpacker.h:56:91: warning: unused parameter ‘size’ [-Wunused-parameter]
[2.533s]    56 |         virtual void onDecodingError(int errMsg, _u8 ansType, const void* payload, size_t size) {}
[2.533s]       |                                                                                    ~~~~~~~^~~~
[2.538s] /home/altair/rplidarA1/ros2_ws/src/sllidar_ros2/sdk/src/dataunpacker/unpacker/handler_capsules.cpp: In member function ‘void sl::internal::unpacker::UnpackerHandler_DenseCapsuleNode::_onScanNodeDenseCapsuleData(rplidar_response_dense_capsule_measurement_nodes_t&, sl::internal::LIDARSampleDataUnpackerInner*)’:
[2.538s] /home/altair/rplidarA1/ros2_ws/src/sllidar_ros2/sdk/src/dataunpacker/unpacker/handler_capsules.cpp:763:30: warning: type qualifiers ignored on cast result type [-Wignored-qualifiers]
[2.538s]   763 |             const int dist = static_cast<const int>(_cached_previous_dense_capsuledata.cabins[pos].distance);
[2.538s]       |                              ^~~~~~~~~~~~~~~~~~~~~~~~~~~~~~~~~~~~~~~~~~~~~~~~~~~~~~~~~~~~~~~~~~~~~~~~~~~~~~~
[2.557s] In file included from /home/altair/rplidarA1/ros2_ws/src/sllidar_ros2/sdk/src/sl_lidar_driver.cpp:50:
[2.557s] /home/altair/rplidarA1/ros2_ws/src/sllidar_ros2/sdk/src/dataunpacker/dataunpacker.h: In member function ‘virtual void sl::internal::LIDARSampleDataListener::onCustomSampleDataDecoded(_u8, _u32, const void*, size_t)’:
[2.557s] /home/altair/rplidarA1/ros2_ws/src/sllidar_ros2/sdk/src/dataunpacker/dataunpacker.h:54:52: warning: unused parameter ‘ansType’ [-Wunused-parameter]
[2.557s]    54 |         virtual void onCustomSampleDataDecoded(_u8 ansType, _u32 customCode, const void* data, size_t size) {}
[2.557s]       |                                                ~~~~^~~~~~~
[2.557s] /home/altair/rplidarA1/ros2_ws/src/sllidar_ros2/sdk/src/dataunpacker/dataunpacker.h:54:66: warning: unused parameter ‘customCode’ [-Wunused-parameter]
[2.557s]    54 |         virtual void onCustomSampleDataDecoded(_u8 ansType, _u32 customCode, const void* data, size_t size) {}
[2.557s]       |                                                             ~~~~~^~~~~~~~~~
[2.557s] /home/altair/rplidarA1/ros2_ws/src/sllidar_ros2/sdk/src/dataunpacker/dataunpacker.h:54:90: warning: unused parameter ‘data’ [-Wunused-parameter]
[2.557s]    54 |         virtual void onCustomSampleDataDecoded(_u8 ansType, _u32 customCode, const void* data, size_t size) {}
[2.557s]       |                                                                              ~~~~~~~~~~~~^~~~
[2.557s] /home/altair/rplidarA1/ros2_ws/src/sllidar_ros2/sdk/src/dataunpacker/dataunpacker.h:54:103: warning: unused parameter ‘size’ [-Wunused-parameter]
[2.557s]    54 |         virtual void onCustomSampleDataDecoded(_u8 ansType, _u32 customCode, const void* data, size_t size) {}
[2.558s]       |                                                                                                ~~~~~~~^~~~
[2.558s] /home/altair/rplidarA1/ros2_ws/src/sllidar_ros2/sdk/src/dataunpacker/dataunpacker.h: In member function ‘virtual void sl::internal::LIDARSampleDataListener::onDecodingError(int, _u8, const void*, size_t)’:
[2.558s] /home/altair/rplidarA1/ros2_ws/src/sllidar_ros2/sdk/src/dataunpacker/dataunpacker.h:56:42: warning: unused parameter ‘errMsg’ [-Wunused-parameter]
[2.558s]    56 |         virtual void onDecodingError(int errMsg, _u8 ansType, const void* payload, size_t size) {}
[2.558s]       |                                      ~~~~^~~~~~
[2.558s] /home/altair/rplidarA1/ros2_ws/src/sllidar_ros2/sdk/src/dataunpacker/dataunpacker.h:56:54: warning: unused parameter ‘ansType’ [-Wunused-parameter]
[2.558s]    56 |         virtual void onDecodingError(int errMsg, _u8 ansType, const void* payload, size_t size) {}
[2.558s]       |                                                  ~~~~^~~~~~~
[2.558s] /home/altair/rplidarA1/ros2_ws/src/sllidar_ros2/sdk/src/dataunpacker/dataunpacker.h:56:75: warning: unused parameter ‘payload’ [-Wunused-parameter]
[2.558s]    56 |         virtual void onDecodingError(int errMsg, _u8 ansType, const void* payload, size_t size) {}
[2.558s]       |                                                               ~~~~~~~~~~~~^~~~~~~
[2.558s] /home/altair/rplidarA1/ros2_ws/src/sllidar_ros2/sdk/src/dataunpacker/dataunpacker.h:56:91: warning: unused parameter ‘size’ [-Wunused-parameter]
[2.558s]    56 |         virtual void onDecodingError(int errMsg, _u8 ansType, const void* payload, size_t size) {}
[2.558s]       |                                                                                    ~~~~~~~^~~~
[2.569s] In file included from /home/altair/rplidarA1/ros2_ws/src/sllidar_ros2/sdk/src/sl_lidar_driver.cpp:51:
[2.569s] /home/altair/rplidarA1/ros2_ws/src/sllidar_ros2/sdk/src/sl_async_transceiver.h: In member function ‘virtual void sl::internal::IAsyncProtocolCodec::onChannelError(u_result)’:
[2.569s] /home/altair/rplidarA1/ros2_ws/src/sllidar_ros2/sdk/src/sl_async_transceiver.h:90:48: warning: unused parameter ‘errCode’ [-Wunused-parameter]
[2.569s]    90 |         virtual void   onChannelError(u_result errCode) {}
[2.569s]       |                                       ~~~~~~~~~^~~~~~~
[2.596s] /home/altair/rplidarA1/ros2_ws/src/sllidar_ros2/sdk/src/sl_lidar_driver.cpp: In member function ‘virtual sl_result sl::SlamtecLidarDriver::reset(sl_u32)’:
[2.596s] /home/altair/rplidarA1/ros2_ws/src/sllidar_ros2/sdk/src/sl_lidar_driver.cpp:511:32: warning: unused parameter ‘timeoutInMs’ [-Wunused-parameter]
[2.596s]   511 |         sl_result reset(sl_u32 timeoutInMs = DEFAULT_TIMEOUT)
[2.596s]       |                         ~~~~~~~^~~~~~~~~~~~~~~~~~~~~~~~~~~~~
[2.600s] /home/altair/rplidarA1/ros2_ws/src/sllidar_ros2/sdk/src/sl_lidar_driver.cpp: In member function ‘virtual sl_result sl::SlamtecLidarDriver::startScan(bool, bool, sl_u32, sl::LidarScanMode*)’:
[2.600s] /home/altair/rplidarA1/ros2_ws/src/sllidar_ros2/sdk/src/sl_lidar_driver.cpp:586:69: warning: unused parameter ‘options’ [-Wunused-parameter]
[2.600s]   586 |         sl_result startScan(bool force, bool useTypicalScan, sl_u32 options = 0, LidarScanMode* outUsedScanMode = nullptr)
[2.600s]       |                                                              ~~~~~~~^~~~~~~~~~~
[2.601s] /home/altair/rplidarA1/ros2_ws/src/sllidar_ros2/sdk/src/sl_lidar_driver.cpp: In member function ‘virtual sl_result sl::SlamtecLidarDriver::stop(sl_u32)’:
[2.601s] /home/altair/rplidarA1/ros2_ws/src/sllidar_ros2/sdk/src/sl_lidar_driver.cpp:763:31: warning: unused parameter ‘timeout’ [-Wunused-parameter]
[2.601s]   763 |         sl_result stop(sl_u32 timeout = DEFAULT_TIMEOUT)
[2.602s]       |                        ~~~~~~~^~~~~~~~~~~~~~~~~~~~~~~~~
[2.603s] /home/altair/rplidarA1/ros2_ws/src/sllidar_ros2/sdk/src/sl_lidar_driver.cpp: In member function ‘virtual sl_result sl::SlamtecLidarDriver::getFrequency(const sl::LidarScanMode&, const sl_lidar_response_measurement_node_hq_t*, size_t, float&)’:
[2.603s] /home/altair/rplidarA1/ros2_ws/src/sllidar_ros2/sdk/src/sl_lidar_driver.cpp:880:110: warning: unused parameter ‘nodes’ [-Wunused-parameter]
[2.603s]   880 |         sl_result getFrequency(const LidarScanMode& scanMode, const sl_lidar_response_measurement_node_hq_t* nodes, size_t count, float& frequency)
[2.604s]       |                                                               ~~~~~~~~~~~~~~~~~~~~~~~~~~~~~~~~~~~~~~~~~~~~~~~^~~~~
[2.606s] /home/altair/rplidarA1/ros2_ws/src/sllidar_ros2/sdk/src/sl_lidar_driver.cpp: In member function ‘virtual sl_result sl::SlamtecLidarDriver::getMotorInfo(sl::LidarMotorInfo&, sl_u32)’:
[2.606s] /home/altair/rplidarA1/ros2_ws/src/sllidar_ros2/sdk/src/sl_lidar_driver.cpp:1023:66: warning: unused parameter ‘timeoutInMs’ [-Wunused-parameter]
[2.606s]  1023 |         sl_result getMotorInfo(LidarMotorInfo &motorInfo, sl_u32 timeoutInMs)
[2.606s]       |                                                           ~~~~~~~^~~~~~~~~~~
[2.607s] /home/altair/rplidarA1/ros2_ws/src/sllidar_ros2/sdk/src/sl_lidar_driver.cpp: In member function ‘u_result sl::SlamtecLidarDriver::getScanModeCount(sl_u16&, sl_u32)’:
[2.607s] /home/altair/rplidarA1/ros2_ws/src/sllidar_ros2/sdk/src/sl_lidar_driver.cpp:1199:61: warning: unused parameter ‘timeoutInMs’ [-Wunused-parameter]
[2.607s]  1199 |         u_result getScanModeCount(sl_u16& modeCount, sl_u32 timeoutInMs = DEFAULT_TIMEOUT)
[2.607s]       |                                                      ~~~~~~~^~~~~~~~~~~~~~~~~~~~~~~~~~~~~
[2.644s] /home/altair/rplidarA1/ros2_ws/src/sllidar_ros2/sdk/src/sl_lidar_driver.cpp: In instantiation of ‘void sl::RawSampleNodeHolder<T>::pushNode(_u64, const T*) [with T = sl_lidar_response_measurement_node_hq_t; _u64 = long unsigned int]’:
[2.644s] /home/altair/rplidarA1/ros2_ws/src/sllidar_ros2/sdk/src/sl_lidar_driver.cpp:1648:42:   required from here
[2.644s] /home/altair/rplidarA1/ros2_ws/src/sllidar_ros2/sdk/src/sl_lidar_driver.cpp:202:28: warning: unused parameter ‘timestamp_uS’ [-Wunused-parameter]
[2.644s]   202 |         void pushNode(_u64 timestamp_uS, const T* node)
[2.644s]       |                       ~~~~~^~~~~~~~~~~~
[2.746s] /home/altair/rplidarA1/ros2_ws/src/sllidar_ros2/sdk/src/sl_lidar_driver.cpp: At global scope:
[2.746s] /home/altair/rplidarA1/ros2_ws/src/sllidar_ros2/sdk/src/sl_lidar_driver.cpp:83:17: warning: ‘void sl::convert(const sl_lidar_response_measurement_node_hq_t&, sl_lidar_response_measurement_node_t&)’ defined but not used [-Wunused-function]
[2.746s]    83 |     static void convert(const sl_lidar_response_measurement_node_hq_t& from, sl_lidar_response_measurement_node_t& to)
[2.746s]       |                 ^~~~~~~
[2.746s] /home/altair/rplidarA1/ros2_ws/src/sllidar_ros2/sdk/src/sl_lidar_driver.cpp:75:17: warning: ‘void sl::convert(const sl_lidar_response_measurement_node_t&, sl_lidar_response_measurement_node_hq_t&)’ defined but not used [-Wunused-function]
[2.746s]    75 |     static void convert(const sl_lidar_response_measurement_node_t& from, sl_lidar_response_measurement_node_hq_t& to)
[2.746s]       |                 ^~~~~~~
[2.746s] /home/altair/rplidarA1/ros2_ws/src/sllidar_ros2/sdk/src/sl_lidar_driver.cpp:70:17: warning: ‘void sl::printDeprecationWarn(const char*, const char*)’ defined but not used [-Wunused-function]
[2.746s]    70 |     static void printDeprecationWarn(const char* fn, const char* replacement)
[2.746s]       |                 ^~~~~~~~~~~~~~~~~~~~
[4.247s] In file included from /home/altair/rplidarA1/ros2_ws/src/sllidar_ros2/./sdk/include/sl_lidar_cmd.h:41,
[4.247s]                  from /home/altair/rplidarA1/ros2_ws/src/sllidar_ros2/./sdk/include/sl_lidar_driver.h:54,
[4.247s]                  from /home/altair/rplidarA1/ros2_ws/src/sllidar_ros2/./sdk/include/sl_lidar.h:36,
[4.247s]                  from /home/altair/rplidarA1/ros2_ws/src/sllidar_ros2/src/sllidar_node.cpp:38:
[4.247s] /home/altair/rplidarA1/ros2_ws/src/sllidar_ros2/./sdk/include/sl_lidar_protocol.h:66:16: warning: ISO C++ forbids zero-size array ‘data’ [-Wpedantic]
[4.247s]    66 |     sl_u8 data[0];
[4.247s]       |                ^
[4.248s] In file included from /home/altair/rplidarA1/ros2_ws/src/sllidar_ros2/./sdk/include/sl_lidar_driver.h:54,
[4.248s]                  from /home/altair/rplidarA1/ros2_ws/src/sllidar_ros2/./sdk/include/sl_lidar.h:36,
[4.248s]                  from /home/altair/rplidarA1/ros2_ws/src/sllidar_ros2/src/sllidar_node.cpp:38:
[4.248s] /home/altair/rplidarA1/ros2_ws/src/sllidar_ros2/./sdk/include/sl_lidar_cmd.h:324:20: warning: ISO C++ forbids zero-size array ‘payload’ [-Wpedantic]
[4.248s]   324 |     sl_u8  payload[0];
[4.248s]       |                    ^
[6.539s] [ 95%] [32m[1mLinking CXX executable sllidar_node[0m
[6.867s] [ 95%] Built target sllidar_node
[8.944s] [100%] [32m[1mLinking CXX executable sllidar_client[0m
[9.369s] [100%] Built target sllidar_client
[9.377s] Invoked command in '/home/altair/rplidarA1/ros2_ws/build/sllidar_ros2' returned '0': CMAKE_PREFIX_PATH=/opt/ros/humble /usr/bin/cmake --build /home/altair/rplidarA1/ros2_ws/build/sllidar_ros2 -- -j16 -l16
[9.384s] Invoking command in '/home/altair/rplidarA1/ros2_ws/build/sllidar_ros2': CMAKE_PREFIX_PATH=/opt/ros/humble /usr/bin/cmake --install /home/altair/rplidarA1/ros2_ws/build/sllidar_ros2
[9.387s] -- Install configuration: ""
[9.387s] -- Execute custom install script
[9.388s] -- Symlinking: /home/altair/rplidarA1/ros2_ws/install/sllidar_ros2/share/sllidar_ros2/launch/sllidar_a1_launch.py
[9.393s] -- Symlinking: /home/altair/rplidarA1/ros2_ws/install/sllidar_ros2/share/sllidar_ros2/launch/sllidar_a2m12_launch .py
[9.397s] -- Symlinking: /home/altair/rplidarA1/ros2_ws/install/sllidar_ros2/share/sllidar_ros2/launch/sllidar_a2m7_launch.py
[9.402s] -- Symlinking: /home/altair/rplidarA1/ros2_ws/install/sllidar_ros2/share/sllidar_ros2/launch/sllidar_a2m8_launch.py
[9.406s] -- Symlinking: /home/altair/rplidarA1/ros2_ws/install/sllidar_ros2/share/sllidar_ros2/launch/sllidar_a3_launch.py
[9.410s] -- Symlinking: /home/altair/rplidarA1/ros2_ws/install/sllidar_ros2/share/sllidar_ros2/launch/sllidar_c1_launch.py
[9.415s] -- Symlinking: /home/altair/rplidarA1/ros2_ws/install/sllidar_ros2/share/sllidar_ros2/launch/sllidar_s1_launch.py
[9.419s] -- Symlinking: /home/altair/rplidarA1/ros2_ws/install/sllidar_ros2/share/sllidar_ros2/launch/sllidar_s1_tcp_launch.py
[9.423s] -- Symlinking: /home/altair/rplidarA1/ros2_ws/install/sllidar_ros2/share/sllidar_ros2/launch/sllidar_s2_launch.py
[9.427s] -- Symlinking: /home/altair/rplidarA1/ros2_ws/install/sllidar_ros2/share/sllidar_ros2/launch/sllidar_s2e_launch.py
[9.431s] -- Symlinking: /home/altair/rplidarA1/ros2_ws/install/sllidar_ros2/share/sllidar_ros2/launch/sllidar_s3_launch.py
[9.435s] -- Symlinking: /home/altair/rplidarA1/ros2_ws/install/sllidar_ros2/share/sllidar_ros2/launch/sllidar_t1_launch.py
[9.439s] -- Symlinking: /home/altair/rplidarA1/ros2_ws/install/sllidar_ros2/share/sllidar_ros2/launch/view_sllidar_a1_launch.py
[9.443s] -- Symlinking: /home/altair/rplidarA1/ros2_ws/install/sllidar_ros2/share/sllidar_ros2/launch/view_sllidar_a2m12_launch.py
[9.447s] -- Symlinking: /home/altair/rplidarA1/ros2_ws/install/sllidar_ros2/share/sllidar_ros2/launch/view_sllidar_a2m7_launch.py
[9.451s] -- Symlinking: /home/altair/rplidarA1/ros2_ws/install/sllidar_ros2/share/sllidar_ros2/launch/view_sllidar_a2m8_launch.py
[9.455s] -- Symlinking: /home/altair/rplidarA1/ros2_ws/install/sllidar_ros2/share/sllidar_ros2/launch/view_sllidar_a3_launch.py
[9.460s] -- Symlinking: /home/altair/rplidarA1/ros2_ws/install/sllidar_ros2/share/sllidar_ros2/launch/view_sllidar_c1_launch.py
[9.464s] -- Symlinking: /home/altair/rplidarA1/ros2_ws/install/sllidar_ros2/share/sllidar_ros2/launch/view_sllidar_s1_launch.py
[9.468s] -- Symlinking: /home/altair/rplidarA1/ros2_ws/install/sllidar_ros2/share/sllidar_ros2/launch/view_sllidar_s1_tcp_launch.py
[9.472s] -- Symlinking: /home/altair/rplidarA1/ros2_ws/install/sllidar_ros2/share/sllidar_ros2/launch/view_sllidar_s2_launch.py
[9.476s] -- Symlinking: /home/altair/rplidarA1/ros2_ws/install/sllidar_ros2/share/sllidar_ros2/launch/view_sllidar_s2e_launch.py
[9.480s] -- Symlinking: /home/altair/rplidarA1/ros2_ws/install/sllidar_ros2/share/sllidar_ros2/launch/view_sllidar_s3_launch.py
[9.484s] -- Symlinking: /home/altair/rplidarA1/ros2_ws/install/sllidar_ros2/share/sllidar_ros2/launch/view_sllidar_t1_launch.py
[9.490s] -- Symlinking: /home/altair/rplidarA1/ros2_ws/install/sllidar_ros2/share/sllidar_ros2/rviz/sllidar_ros2.rviz
[9.495s] -- Symlinking: /home/altair/rplidarA1/ros2_ws/install/sllidar_ros2/lib/sllidar_ros2/sllidar_node
[9.500s] -- Symlinking: /home/altair/rplidarA1/ros2_ws/install/sllidar_ros2/lib/sllidar_ros2/sllidar_client
[9.505s] -- Symlinking: /home/altair/rplidarA1/ros2_ws/install/sllidar_ros2/share/ament_index/resource_index/package_run_dependencies/sllidar_ros2
[9.510s] -- Symlinking: /home/altair/rplidarA1/ros2_ws/install/sllidar_ros2/share/ament_index/resource_index/parent_prefix_path/sllidar_ros2
[9.514s] -- Symlinking: /home/altair/rplidarA1/ros2_ws/install/sllidar_ros2/share/sllidar_ros2/environment/ament_prefix_path.sh
[9.518s] -- Symlinking: /home/altair/rplidarA1/ros2_ws/install/sllidar_ros2/share/sllidar_ros2/environment/ament_prefix_path.dsv
[9.523s] -- Symlinking: /home/altair/rplidarA1/ros2_ws/install/sllidar_ros2/share/sllidar_ros2/environment/path.sh
[9.528s] -- Symlinking: /home/altair/rplidarA1/ros2_ws/install/sllidar_ros2/share/sllidar_ros2/environment/path.dsv
[9.531s] -- Symlinking: /home/altair/rplidarA1/ros2_ws/install/sllidar_ros2/share/sllidar_ros2/local_setup.bash
[9.536s] -- Symlinking: /home/altair/rplidarA1/ros2_ws/install/sllidar_ros2/share/sllidar_ros2/local_setup.sh
[9.541s] -- Symlinking: /home/altair/rplidarA1/ros2_ws/install/sllidar_ros2/share/sllidar_ros2/local_setup.zsh
[9.545s] -- Symlinking: /home/altair/rplidarA1/ros2_ws/install/sllidar_ros2/share/sllidar_ros2/local_setup.dsv
[9.549s] -- Symlinking: /home/altair/rplidarA1/ros2_ws/install/sllidar_ros2/share/sllidar_ros2/package.dsv
[9.557s] -- Symlinking: /home/altair/rplidarA1/ros2_ws/install/sllidar_ros2/share/ament_index/resource_index/packages/sllidar_ros2
[9.561s] -- Symlinking: /home/altair/rplidarA1/ros2_ws/install/sllidar_ros2/share/sllidar_ros2/cmake/ament_cmake_export_dependencies-extras.cmake
[9.565s] -- Symlinking: /home/altair/rplidarA1/ros2_ws/install/sllidar_ros2/share/sllidar_ros2/cmake/ament_cmake_export_include_directories-extras.cmake
[9.569s] -- Symlinking: /home/altair/rplidarA1/ros2_ws/install/sllidar_ros2/share/sllidar_ros2/cmake/sllidar_ros2Config.cmake
[9.574s] -- Symlinking: /home/altair/rplidarA1/ros2_ws/install/sllidar_ros2/share/sllidar_ros2/cmake/sllidar_ros2Config-version.cmake
[9.579s] -- Symlinking: /home/altair/rplidarA1/ros2_ws/install/sllidar_ros2/share/sllidar_ros2/package.xml
[9.586s] Invoked command in '/home/altair/rplidarA1/ros2_ws/build/sllidar_ros2' returned '0': CMAKE_PREFIX_PATH=/opt/ros/humble /usr/bin/cmake --install /home/altair/rplidarA1/ros2_ws/build/sllidar_ros2
